<?xml version="1.0" encoding="UTF-8"?>
<!-- Generated by org.testng.reporters.JUnitReportReporter -->
<testsuite hostname="Karima_Dell" failures="0" tests="4" name="Practice_Code_automation_Feb_1st.Priority" time="0.009" errors="0" timestamp="2023-02-04T23:22:27 EST" skipped="0">
  <testcase classname="Practice_Code_automation_Feb_1st.Priority" name="logic3" time="0.008"/>
  <system-out/>
  <testcase classname="Practice_Code_automation_Feb_1st.Priority" name="logic1" time="0.001"/>
  <system-out/>
  <testcase classname="Practice_Code_automation_Feb_1st.Priority" name="logic2" time="0.000"/>
  <system-out/>
  <testcase classname="Practice_Code_automation_Feb_1st.Priority" name="logic4" time="0.000"/>
  <system-out/>
</testsuite> <!-- Practice_Code_automation_Feb_1st.Priority -->
