<?xml version="1.0" encoding="UTF-8"?>
<!-- Generated by org.testng.reporters.JUnitReportReporter -->
<testsuite hostname="Karima_Dell" failures="0" tests="1" name="automation_code_feb_7th_2023.Amazon" time="11.919" errors="0" timestamp="2023-02-07T23:50:26 EST" skipped="0">
  <testcase classname="automation_code_feb_7th_2023.Amazon" name="amazonTest" time="11.919"/>
  <system-out/>
</testsuite> <!-- automation_code_feb_7th_2023.Amazon -->
