<?xml version="1.0" encoding="UTF-8"?>
<!-- Generated by org.testng.reporters.JUnitReportReporter -->
<testsuite hostname="Karima_Dell" failures="0" tests="8" name="Practice_Code_automation_Feb_1st.Enablement" time="0.010" errors="0" timestamp="2023-02-04T23:33:14 EST" skipped="1">
  <testcase classname="Practice_Code_automation_Feb_1st.Enablement" name="logic2" time="0.001"/>
  <system-out/>
  <testcase classname="Practice_Code_automation_Feb_1st.Enablement" name="logic2" time="0.001"/>
  <system-out/>
  <testcase classname="Practice_Code_automation_Feb_1st.Enablement" name="logic2" time="0.000"/>
  <system-out/>
  <testcase classname="Practice_Code_automation_Feb_1st.Enablement" name="logic4" time="0.000"/>
  <system-out/>
  <testcase classname="Practice_Code_automation_Feb_1st.Enablement" name="logic1" time="0.007"/>
  <system-out/>
  <testcase classname="Practice_Code_automation_Feb_1st.Enablement" name="logic2" time="0.000"/>
  <system-out/>
  <testcase classname="Practice_Code_automation_Feb_1st.Enablement" name="logic2" time="0.001"/>
  <system-out/>
  <testcase classname="Practice_Code_automation_Feb_1st.Enablement" name="logic3">
    <skipped/>
  </testcase> <!-- logic3 -->
  <system-out/>
</testsuite> <!-- Practice_Code_automation_Feb_1st.Enablement -->
