<?xml version="1.0" encoding="UTF-8"?>
<!-- Generated by org.testng.reporters.JUnitReportReporter -->
<testsuite hostname="Karima_Dell" failures="0" tests="4" name="testNG_automation_code_feb_1st_2023.Priority" time="0.014" errors="0" timestamp="2023-02-01T19:22:08 EST" skipped="0">
  <testcase classname="testNG_automation_code_feb_1st_2023.Priority" name="logic3" time="0.010"/>
  <system-out/>
  <testcase classname="testNG_automation_code_feb_1st_2023.Priority" name="logic1" time="0.001"/>
  <system-out/>
  <testcase classname="testNG_automation_code_feb_1st_2023.Priority" name="logic2" time="0.002"/>
  <system-out/>
  <testcase classname="testNG_automation_code_feb_1st_2023.Priority" name="logic4" time="0.001"/>
  <system-out/>
</testsuite> <!-- testNG_automation_code_feb_1st_2023.Priority -->
