<?xml version="1.0" encoding="UTF-8"?>
<!-- Generated by org.testng.reporters.JUnitReportReporter -->
<testsuite hostname="Karima_Dell" failures="0" tests="1" name="automation_code_7th.Amazon" time="0.002" errors="0" timestamp="2023-02-07T19:14:38 EST" skipped="0">
  <testcase classname="automation_code_7th.Amazon" name="amazonTest" time="0.002"/>
  <system-out/>
</testsuite> <!-- automation_code_7th.Amazon -->
