<?xml version="1.0" encoding="UTF-8"?>
<!-- Generated by org.testng.reporters.JUnitReportReporter -->
<testsuite hostname="Karima_Dell" failures="0" tests="1" name="Practice_Code_automation_31.Annotations" time="0.005" errors="0" timestamp="2023-02-04T00:25:56 EST" skipped="0">
  <testcase classname="Practice_Code_automation_31.Annotations" name="testcase1" time="0.005"/>
  <system-out/>
</testsuite> <!-- Practice_Code_automation_31.Annotations -->
