<?xml version="1.0" encoding="UTF-8"?>
<!-- Generated by org.testng.reporters.JUnitReportReporter -->
<testsuite hostname="Karima_Dell" failures="0" tests="2" name="Practice_Code_automation_31.MultipleWebsites" time="15.623" errors="0" timestamp="2023-02-04T10:13:28 EST" skipped="0">
  <testcase classname="Practice_Code_automation_31.MultipleWebsites" name="openFlipkart" time="10.446"/>
  <system-out/>
  <testcase classname="Practice_Code_automation_31.MultipleWebsites" name="openWalmart" time="5.177"/>
  <system-out/>
</testsuite> <!-- Practice_Code_automation_31.MultipleWebsites -->
