<?xml version="1.0" encoding="UTF-8"?>
<!-- Generated by org.testng.reporters.JUnitReportReporter -->
<testsuite hostname="Karima_Dell" failures="0" tests="2" name="testNG_automation_code_feb_1st_2023.ClassAssignement" time="9.757" errors="0" timestamp="2023-02-01T20:37:18 EST" skipped="0">
  <testcase classname="testNG_automation_code_feb_1st_2023.ClassAssignement" name="clickOnWishListLink" time="6.215"/>
  <system-out/>
  <testcase classname="testNG_automation_code_feb_1st_2023.ClassAssignement" name="clickOnMyAccountLink" time="3.542"/>
  <system-out/>
</testsuite> <!-- testNG_automation_code_feb_1st_2023.ClassAssignement -->
