<?xml version="1.0" encoding="UTF-8"?>
<!-- Generated by org.testng.reporters.JUnitReportReporter -->
<testsuite hostname="Karima_Dell" failures="0" tests="2" name="Practice_Code_automation_31.TriCombo" time="0.010" errors="0" timestamp="2023-02-04T01:08:20 EST" skipped="0">
  <testcase classname="Practice_Code_automation_31.TriCombo" name="testCase1" time="0.009"/>
  <system-out/>
  <testcase classname="Practice_Code_automation_31.TriCombo" name="testCase2" time="0.001"/>
  <system-out/>
</testsuite> <!-- Practice_Code_automation_31.TriCombo -->
