<?xml version="1.0" encoding="UTF-8"?>
<!-- Generated by org.testng.reporters.JUnitReportReporter -->
<testsuite hostname="Karima_Dell" failures="0" tests="1" name="Practice_Code_automation_31.GoingWithTheFlow" time="6.428" errors="0" timestamp="2023-02-04T09:13:09 EST" skipped="0">
  <testcase classname="Practice_Code_automation_31.GoingWithTheFlow" name="clickOnSignInLink" time="6.428"/>
  <system-out/>
</testsuite> <!-- Practice_Code_automation_31.GoingWithTheFlow -->
