<?xml version="1.0" encoding="UTF-8"?>
<!-- Generated by org.testng.reporters.JUnitReportReporter -->
<testsuite hostname="Karima_Dell" failures="0" tests="1" name="testng_automation_31st.Annotations" time="0.007" errors="0" timestamp="2023-01-31T21:48:23 EST" skipped="0">
  <testcase classname="testng_automation_31st.Annotations" name="testCase1" time="0.007"/>
  <system-out/>
</testsuite> <!-- testng_automation_31st.Annotations -->
